[debug] [2024-08-25T14:48:38.076Z] : 
[debug] [2024-08-25T14:48:38.077Z] : ----------------------------------------------------------------------
[debug] [2024-08-25T14:48:38.077Z] : Command:      /usr/bin/node /usr/bin/catalyst deploy appsail
[debug] [2024-08-25T14:48:38.077Z] : CLI Version:  1.17.6
[debug] [2024-08-25T14:48:38.077Z] : Platform:     linux
[debug] [2024-08-25T14:48:38.078Z] : Node Version: v22.7.0
[debug] [2024-08-25T14:48:38.078Z] : Time:         Sun Aug 25 2024 20:18:38 GMT+0530 (India Standard Time)
[debug] [2024-08-25T14:48:38.078Z] : ----------------------------------------------------------------------
[debug] [2024-08-25T14:48:38.078Z] : 
[debug] [2024-08-25T14:48:38.350Z] : > authorizing via signed-in user option
[debug] [2024-08-25T14:48:38.350Z] : > command requires scopes: ["ZohoCatalyst.projects.ALL","ZohoCatalyst.appsail.Update"]
[debug] [2024-08-25T14:48:38.357Z] : >>>> HTTP REQUEST : GET https://api.catalyst.zoho.in/baas/v1/project/5640000000075001 

[debug] [2024-08-25T14:48:38.617Z] : <<<< HTTP RESPONSE : 200
Response Headers: {"server":"ZGS","date":"Sun, 25 Aug 2024 14:48:38 GMT","content-type":"application/vnd.catalyst.v2+json","transfer-encoding":"chunked","connection":"keep-alive","set-cookie":["zalb_3a750b85f1=7c58023b2365c117e2ff9b6feb09efa2; Path=/","ZD_CSRF_TOKEN=7f717487-1162-4c75-98fb-830711a1c893;path=/;SameSite=None;Secure;priority=high","_zcsr_tmp=7f717487-1162-4c75-98fb-830711a1c893;path=/;SameSite=Strict;Secure;priority=high"],"x-content-type-options":"nosniff","x-xss-protection":"1","cache-control":"private,no-cache,no-store,max-age=0,must-revalidate","pragma":"no-cache","expires":"Thu, 01 Jan 1970 00:00:00 GMT","x-frame-options":"DENY","strict-transport-security":"max-age=63072000"}

[debug] [2024-08-25T14:48:38.620Z] : >>>> HTTP REQUEST : GET https://api.catalyst.zoho.in/baas/v1/project/5640000000075001/environment 

[debug] [2024-08-25T14:48:38.714Z] : <<<< HTTP RESPONSE : 200
Response Headers: {"server":"ZGS","date":"Sun, 25 Aug 2024 14:48:38 GMT","content-type":"application/vnd.catalyst.v2+json","transfer-encoding":"chunked","connection":"keep-alive","set-cookie":["zalb_3a750b85f1=99131cfabfda186b4fe68a16fb8fedd6; Path=/","ZD_CSRF_TOKEN=ac6e1934-2dcc-44ff-a70a-50ece3b8fb53;path=/;SameSite=None;Secure;priority=high","_zcsr_tmp=ac6e1934-2dcc-44ff-a70a-50ece3b8fb53;path=/;SameSite=Strict;Secure;priority=high"],"x-content-type-options":"nosniff","x-xss-protection":"1","cache-control":"private,no-cache,no-store,max-age=0,must-revalidate","pragma":"no-cache","expires":"Thu, 01 Jan 1970 00:00:00 GMT","x-frame-options":"DENY","strict-transport-security":"max-age=63072000"}

[debug] [2024-08-25T14:48:46.844Z] : [Error: ENOENT: no such file or directory, open '/home/vicky/Projects/ExpenseManager/expense-manager-server/expense-manager/app-config.json'] {
  errno: -2,
  code: 'ENOENT',
  syscall: 'open',
  path: '/home/vicky/Projects/ExpenseManager/expense-manager-server/expense-manager/app-config.json'
}
[debug] [2024-08-25T14:48:46.846Z] : >>>> HTTP REQUEST : GET https://api.catalyst.zoho.in/baas/get-details 
Query params: {"feature_name":"runtime"}

[debug] [2024-08-25T14:48:47.115Z] : <<<< HTTP RESPONSE : 200
Response Headers: {"server":"ZGS","date":"Sun, 25 Aug 2024 14:48:47 GMT","content-type":"application/vnd.catalyst.v2+json","transfer-encoding":"chunked","connection":"keep-alive","set-cookie":["zalb_3a750b85f1=99131cfabfda186b4fe68a16fb8fedd6; Path=/","ZD_CSRF_TOKEN=338964fa-4eef-4d60-84b6-d2d0a8d3c82b;path=/;SameSite=None;Secure;priority=high","_zcsr_tmp=338964fa-4eef-4d60-84b6-d2d0a8d3c82b;path=/;SameSite=Strict;Secure;priority=high"],"x-content-type-options":"nosniff","x-xss-protection":"1","cache-control":"private,no-cache,no-store,max-age=0,must-revalidate","pragma":"no-cache","expires":"Thu, 01 Jan 1970 00:00:00 GMT","x-frame-options":"DENY","strict-transport-security":"max-age=63072000"}

[debug] [2024-08-25T14:49:09.918Z] : TypeError [ERR_INVALID_ARG_TYPE]: The "paths[1]" argument must be of type string. Received undefined
    at Object.resolve (node:path:1168:7)
    at resolveProjectPath (/usr/lib/node_modules/zcatalyst-cli/lib/util_modules/project.js:297:52)
    at /usr/lib/node_modules/zcatalyst-cli/lib/deploy/features/appsail/index.js:194:65
    at Generator.next (<anonymous>)
    at fulfilled (/usr/lib/node_modules/zcatalyst-cli/lib/deploy/features/appsail/index.js:5:58)
    at process.processTicksAndRejections (node:internal/process/task_queues:105:5) {
  code: 'ERR_INVALID_ARG_TYPE'
}
[warn] [2024-08-25T14:49:09.918Z] : ⚠ Deploy of AppSail [expense-manager-service] was unsuccessful since The "paths[1]" argument must be of type string. Received undefined
[info] [2024-08-25T14:49:09.918Z] : 
[error] [2024-08-25T14:49:09.918Z] : ✖ AppSail Deploy failed
[debug] [2024-08-25T14:49:09.919Z] : NO ERRORS REGISTERED
[debug] [2024-08-25T14:49:09.919Z] : EXEC ENDED with event: appsail, message: success
[debug] [2024-08-25T14:49:09.919Z] : TOTAL DURATION OF COMMAND EXEC : 31575
[debug] [2024-08-25T14:49:09.922Z] : >>>> HTTP REQUEST : POST https://api.catalyst.zoho.in/baas/v1/cli/logs 
<request body omitted>

[debug] [2024-08-25T14:49:10.337Z] : <<<< HTTP RESPONSE : 200
Response Headers: {"server":"ZGS","date":"Sun, 25 Aug 2024 14:49:10 GMT","content-length":"0","connection":"keep-alive","set-cookie":["zalb_3a750b85f1=99131cfabfda186b4fe68a16fb8fedd6; Path=/","ZD_CSRF_TOKEN=d036636b-353c-42ed-9549-e6eab5fe53ab;path=/;SameSite=None;Secure;priority=high","_zcsr_tmp=d036636b-353c-42ed-9549-e6eab5fe53ab;path=/;SameSite=Strict;Secure;priority=high"],"x-content-type-options":"nosniff","x-xss-protection":"1","cache-control":"private,no-cache,no-store,max-age=0,must-revalidate","pragma":"no-cache","expires":"Thu, 01 Jan 1970 00:00:00 GMT","x-frame-options":"DENY","strict-transport-security":"max-age=63072000"}

